<?xml version="1.0" encoding="UTF-8"?>
<!-- Generated by org.testng.reporters.JUnitXMLReporter -->
<testsuite ignored="0" hostname="DESKTOP-LKA9B6H" failures="0" tests="12" name="Test" time="0.229" errors="0" timestamp="2023-03-29T14:35:01 IST">
  <testcase classname="practicepackage.TestScript_03" name="Elevenmethod" time="0.014"/>
  <testcase classname="practicepackage.TestScript_03" name="Tenmethod" time="0.002"/>
  <testcase classname="practicepackage.TestScript_03" name="Twelvemethod" time="0.003"/>
  <testcase classname="practicepackage.TestScript_03" name="ninemethod" time="0.002"/>
  <testcase classname="practicepackage.TestScript_01" name="Secondmethod" time="0.002"/>
  <testcase classname="practicepackage.TestScript_01" name="firstmethod" time="0.003"/>
  <testcase classname="practicepackage.TestScript_01" name="fourmethod" time="0.012"/>
  <testcase classname="practicepackage.TestScript_01" name="thirdmethod" time="0.004"/>
  <testcase classname="practicepackage.TestScript_02" name="Eightmethod" time="0.001"/>
  <testcase classname="practicepackage.TestScript_02" name="Seventhmethod" time="0.001"/>
  <testcase classname="practicepackage.TestScript_02" name="Sixmethod" time="0.001"/>
  <testcase classname="practicepackage.TestScript_02" name="fifthmethod" time="0.001"/>
</testsuite> <!-- Test -->
