<?xml version="1.0" encoding="UTF-8"?>
<testng-results skipped="0" failed="0" ignored="0" total="1" passed="1">
  <reporter-output>
  </reporter-output>
  <suite name="Default suite" duration-ms="148161" started-at="2023-03-31T18:41:08 IST" finished-at="2023-03-31T18:43:36 IST">
    <groups>
    </groups>
    <test name="Default test" duration-ms="148161" started-at="2023-03-31T18:41:08 IST" finished-at="2023-03-31T18:43:36 IST">
      <class name="admin_addNewTeacher.Admin_AddTeacher">
        <test-method status="PASS" signature="addTeacher()[pri:0, instance:admin_addNewTeacher.Admin_AddTeacher@4abdb505]" name="addTeacher" duration-ms="148072" started-at="2023-03-31T18:41:08 IST" finished-at="2023-03-31T18:43:36 IST">
          <reporter-output>
          </reporter-output>
        </test-method> <!-- addTeacher -->
      </class> <!-- admin_addNewTeacher.Admin_AddTeacher -->
    </test> <!-- Default test -->
  </suite> <!-- Default suite -->
</testng-results>
